<?xml version="1.0" encoding="UTF-8"?>
<!-- Generated by org.testng.reporters.JUnitReportReporter -->
<testsuite hostname="DESKTOP-KIHURRJ" failures="0" tests="3" name="TestNG_Programs.ProductPageTest" time="0.020" errors="0" timestamp="2023-10-04T19:27:25 IST" skipped="0">
  <testcase classname="TestNG_Programs.ProductPageTest" name="AddProductToWatchList" time="0.008"/>
  <testcase classname="TestNG_Programs.ProductPageTest" name="SelectQuantity" time="0.010"/>
  <testcase classname="TestNG_Programs.ProductPageTest" name="AddProductToCart" time="0.002"/>
</testsuite> <!-- TestNG_Programs.ProductPageTest -->
