<?xml version="1.0" encoding="UTF-8"?>
<!-- Generated by org.testng.reporters.JUnitReportReporter -->
<testsuite hostname="DESKTOP-KIHURRJ" failures="0" tests="2" name="TestNG.TC2" time="0.023" errors="0" timestamp="2023-10-04T08:34:27 IST" skipped="0">
  <testcase classname="TestNG.TC2" name="test4" time="0.009"/>
  <testcase classname="TestNG.TC2" name="test3" time="0.014"/>
</testsuite> <!-- TestNG.TC2 -->
