<?xml version="1.0" encoding="UTF-8"?>
<!-- Generated by org.testng.reporters.JUnitReportReporter -->
<testsuite hostname="DESKTOP-KIHURRJ" failures="0" tests="3" name="TestNG_Programs.Description_Demo" time="0.017" errors="0" timestamp="2023-09-30T12:23:03 IST" skipped="0">
  <testcase classname="TestNG_Programs.Description_Demo" name="test3" time="0.001"/>
  <testcase classname="TestNG_Programs.Description_Demo" name="test1" time="0.015"/>
  <testcase classname="TestNG_Programs.Description_Demo" name="test2" time="0.001"/>
</testsuite> <!-- TestNG_Programs.Description_Demo -->
