<?xml version="1.0" encoding="UTF-8"?>
<!-- Generated by org.testng.reporters.JUnitReportReporter -->
<testsuite hostname="DESKTOP-KIHURRJ" failures="0" tests="4" name="TestNG_Programs.Timeout_Demo" time="0.028" errors="0" timestamp="2023-09-30T12:34:54 IST" skipped="0">
  <testcase classname="TestNG_Programs.Timeout_Demo" name="test1" time="0.020"/>
  <testcase classname="TestNG_Programs.Timeout_Demo" name="test2" time="0.003"/>
  <testcase classname="TestNG_Programs.Timeout_Demo" name="test4" time="0.003"/>
  <testcase classname="TestNG_Programs.Timeout_Demo" name="test3" time="0.002"/>
</testsuite> <!-- TestNG_Programs.Timeout_Demo -->
