<?xml version="1.0" encoding="UTF-8"?>
<!-- Generated by org.testng.reporters.JUnitReportReporter -->
<testsuite hostname="DESKTOP-KIHURRJ" failures="0" tests="4" name="TestNG.PriorityExample" time="0.045" errors="0" timestamp="2023-10-04T08:21:42 IST" skipped="1">
  <testcase classname="TestNG.PriorityExample" name="TestOne" time="0.036"/>
  <testcase classname="TestNG.PriorityExample" name="TestTwo" time="0.004"/>
  <testcase classname="TestNG.PriorityExample" name="TestThree" time="0.005"/>
  <testcase classname="TestNG.PriorityExample" name="TestFour">
    <skipped/>
  </testcase> <!-- TestFour -->
</testsuite> <!-- TestNG.PriorityExample -->
