<?xml version="1.0" encoding="UTF-8"?>
<!-- Generated by org.testng.reporters.JUnitReportReporter -->
<testsuite hostname="DESKTOP-KIHURRJ" failures="0" tests="2" name="TestNG_Programs.ParallelTest" time="9.324" errors="0" timestamp="2023-10-05T16:45:08 IST" skipped="0">
  <testcase classname="TestNG_Programs.ParallelTest" name="verifyTitle" time="4.692"/>
  <testcase classname="TestNG_Programs.ParallelTest" name="verifyLogo" time="4.632"/>
</testsuite> <!-- TestNG_Programs.ParallelTest -->
