<?xml version="1.0" encoding="UTF-8"?>
<!-- Generated by org.testng.reporters.JUnitReportReporter -->
<testsuite hostname="DESKTOP-KIHURRJ" failures="0" tests="2" name="TestNG_Programs.Example" time="0.004" errors="0" timestamp="28 Sep 2023 04:40:02 GMT" skipped="0">
  <testcase classname="TestNG_Programs.Example" name="test2" time="0.002"/>
  <testcase classname="TestNG_Programs.Example" name="test1" time="0.002"/>
</testsuite> <!-- TestNG_Programs.Example -->
