<?xml version="1.0" encoding="UTF-8"?>
<!-- Generated by org.testng.reporters.JUnitReportReporter -->
<testsuite hostname="DESKTOP-KIHURRJ" failures="0" tests="3" name="BatchTesting.SignupTest" time="0.005" errors="0" timestamp="2023-10-06T21:02:06 IST" skipped="0">
  <testcase classname="BatchTesting.SignupTest" name="signupBytwitter" time="0.001"/>
  <testcase classname="BatchTesting.SignupTest" name="signupByemail" time="0.002"/>
  <testcase classname="BatchTesting.SignupTest" name="signupByfacebook" time="0.002"/>
</testsuite> <!-- BatchTesting.SignupTest -->
