<?xml version="1.0" encoding="UTF-8"?>
<!-- Generated by org.testng.reporters.JUnitReportReporter -->
<testsuite hostname="DESKTOP-KIHURRJ" failures="0" tests="3" name="BatchTesting.LoginTest" time="0.018" errors="0" timestamp="2023-10-06T21:02:06 IST" skipped="0">
  <testcase classname="BatchTesting.LoginTest" name="loginByemail" time="0.015"/>
  <testcase classname="BatchTesting.LoginTest" name="loginBytwitter" time="0.002"/>
  <testcase classname="BatchTesting.LoginTest" name="loginByfacebook" time="0.001"/>
</testsuite> <!-- BatchTesting.LoginTest -->
