<?xml version="1.0" encoding="UTF-8"?>
<!-- Generated by org.testng.reporters.JUnitReportReporter -->
<testsuite hostname="DESKTOP-KIHURRJ" failures="0" tests="2" name="TestNG_Programs.CrossBrowserExample" time="20.571" errors="0" timestamp="2023-10-06T11:06:54 IST" skipped="0">
  <testcase classname="TestNG_Programs.CrossBrowserExample" name="VerifyTitle" time="15.071"/>
  <testcase classname="TestNG_Programs.CrossBrowserExample" name="VerifyTitle" time="5.500"/>
</testsuite> <!-- TestNG_Programs.CrossBrowserExample -->
