<?xml version="1.0" encoding="UTF-8"?>
<!-- Generated by org.testng.reporters.JUnitReportReporter -->
<testsuite hostname="DESKTOP-KIHURRJ" failures="0" tests="3" name="TestNG.DataproviderExample" time="0.031" errors="0" timestamp="2023-10-04T14:20:41 IST" skipped="0">
  <testcase classname="TestNG.DataproviderExample" name="loginTest" time="0.002"/>
  <testcase classname="TestNG.DataproviderExample" name="loginTest" time="0.002"/>
  <testcase classname="TestNG.DataproviderExample" name="loginTest" time="0.027"/>
</testsuite> <!-- TestNG.DataproviderExample -->
