<?xml version="1.0" encoding="UTF-8"?>
<!-- Generated by org.testng.reporters.JUnitReportReporter -->
<testsuite hostname="DESKTOP-KIHURRJ" failures="0" tests="1" name="BatchTesting.PaymentReturns" time="0.004" errors="0" timestamp="2023-10-06T21:02:06 IST" skipped="0">
  <testcase classname="BatchTesting.PaymentReturns" name="paymentReturnBybank" time="0.004"/>
</testsuite> <!-- BatchTesting.PaymentReturns -->
