<?xml version="1.0" encoding="UTF-8"?>
<!-- Generated by org.testng.reporters.JUnitReportReporter -->
<testsuite hostname="DESKTOP-KIHURRJ" failures="0" tests="3" name="TestNG_Programs.Groups_Demo" time="0.014" errors="0" timestamp="2023-10-05T17:16:56 IST" skipped="0">
  <testcase classname="TestNG_Programs.Groups_Demo" name="ashish" time="0.002"/>
  <testcase classname="TestNG_Programs.Groups_Demo" name="akash" time="0.010"/>
  <testcase classname="TestNG_Programs.Groups_Demo" name="aman" time="0.002"/>
</testsuite> <!-- TestNG_Programs.Groups_Demo -->
