<?xml version="1.0" encoding="UTF-8"?>
<!-- Generated by org.testng.reporters.JUnitReportReporter -->
<testsuite hostname="DESKTOP-KIHURRJ" failures="0" tests="4" name="TestNG_Programs.Demo" time="5.804" errors="0" timestamp="2023-10-05T17:03:59 IST" skipped="0">
  <testcase classname="TestNG_Programs.Demo" name="openbrowser" time="2.468"/>
  <testcase classname="TestNG_Programs.Demo" name="openurl" time="3.073"/>
  <testcase classname="TestNG_Programs.Demo" name="maximizewindow" time="0.128"/>
  <testcase classname="TestNG_Programs.Demo" name="teardown" time="0.135"/>
</testsuite> <!-- TestNG_Programs.Demo -->
