<?xml version="1.0" encoding="UTF-8"?>
<!-- Generated by org.testng.reporters.JUnitReportReporter -->
<testsuite hostname="DESKTOP-KIHURRJ" failures="0" tests="3" name="TestNG_Programs.HomeScreenTest" time="0.007" errors="0" timestamp="2023-10-04T19:27:25 IST" skipped="0">
  <testcase classname="TestNG_Programs.HomeScreenTest" name="VerifyTitle" time="0.002"/>
  <testcase classname="TestNG_Programs.HomeScreenTest" name="LaunchApplication" time="0.002"/>
  <testcase classname="TestNG_Programs.HomeScreenTest" name="VerifyLogo" time="0.003"/>
</testsuite> <!-- TestNG_Programs.HomeScreenTest -->
