<?xml version="1.0" encoding="UTF-8"?>
<!-- Generated by org.testng.reporters.JUnitReportReporter -->
<testsuite hostname="DESKTOP-KIHURRJ" failures="0" tests="2" name="TestNG_Programs.TestNg_Demo" time="3.077" errors="0" timestamp="2023-10-05T17:03:59 IST" skipped="0">
  <testcase classname="TestNG_Programs.TestNg_Demo" name="teardown" time="0.116"/>
  <testcase classname="TestNG_Programs.TestNg_Demo" name="setup" time="2.961"/>
</testsuite> <!-- TestNG_Programs.TestNg_Demo -->
