<?xml version="1.0" encoding="UTF-8"?>
<!-- Generated by org.testng.reporters.JUnitReportReporter -->
<testsuite hostname="DESKTOP-KIHURRJ" failures="0" tests="2" name="TestNG_Programs.LoginTest" time="0.034" errors="0" timestamp="2023-10-04T19:27:25 IST" skipped="0">
  <testcase classname="TestNG_Programs.LoginTest" name="LoginByMobileNumber" time="0.002"/>
  <testcase classname="TestNG_Programs.LoginTest" name="LoginByEmail" time="0.032"/>
</testsuite> <!-- TestNG_Programs.LoginTest -->
