<?xml version="1.0" encoding="UTF-8"?>
<!-- Generated by org.testng.reporters.JUnitReportReporter -->
<testsuite hostname="DESKTOP-KIHURRJ" failures="0" tests="3" name="TestNG_Programs.TestNg_Annotations" time="0.021" errors="0" timestamp="28 Sep 2023 05:30:50 GMT" skipped="0">
  <testcase classname="TestNG_Programs.TestNg_Annotations" name="test3" time="0.003"/>
  <testcase classname="TestNG_Programs.TestNg_Annotations" name="test1" time="0.005"/>
  <testcase classname="TestNG_Programs.TestNg_Annotations" name="test" time="0.013"/>
</testsuite> <!-- TestNG_Programs.TestNg_Annotations -->
