<?xml version="1.0" encoding="UTF-8"?>
<!-- Generated by org.testng.reporters.JUnitReportReporter -->
<testsuite hostname="DESKTOP-KIHURRJ" failures="0" tests="3" name="TestNG_Programs.EnabledOrDisabled" time="0.011" errors="0" timestamp="2023-10-05T17:13:04 IST" skipped="2">
  <testcase classname="TestNG_Programs.EnabledOrDisabled" name="ApiLoginAutomobileLoan" time="0.011"/>
  <testcase classname="TestNG_Programs.EnabledOrDisabled" name="MobileLoginAutomobileLoan">
    <skipped/>
  </testcase> <!-- MobileLoginAutomobileLoan -->
  <testcase classname="TestNG_Programs.EnabledOrDisabled" name="MobileLoginPersonalLoan">
    <skipped/>
  </testcase> <!-- MobileLoginPersonalLoan -->
</testsuite> <!-- TestNG_Programs.EnabledOrDisabled -->
