<?xml version="1.0" encoding="UTF-8"?>
<!-- Generated by org.testng.reporters.JUnitReportReporter -->
<testsuite hostname="DESKTOP-KIHURRJ" failures="0" tests="2" name="TestNG_Programs.PaymentTest" time="0.006" errors="0" timestamp="2023-10-04T19:27:25 IST" skipped="0">
  <testcase classname="TestNG_Programs.PaymentTest" name="NetBanking" time="0.002"/>
  <testcase classname="TestNG_Programs.PaymentTest" name="CashOnDeliver" time="0.004"/>
</testsuite> <!-- TestNG_Programs.PaymentTest -->
