<?xml version="1.0" encoding="UTF-8"?>
<!-- Generated by org.testng.reporters.JUnitReportReporter -->
<testsuite hostname="DESKTOP-KIHURRJ" failures="0" tests="2" name="TestNG.TC1" time="0.040" errors="0" timestamp="2023-10-04T08:34:27 IST" skipped="0">
  <testcase classname="TestNG.TC1" name="test1" time="0.029"/>
  <testcase classname="TestNG.TC1" name="test2" time="0.011"/>
</testsuite> <!-- TestNG.TC1 -->
