<?xml version="1.0" encoding="UTF-8"?>
<!-- Generated by org.testng.reporters.JUnitReportReporter -->
<testsuite hostname="DESKTOP-KIHURRJ" failures="0" tests="4" name="TestNG.DependencyExample" time="0.060" errors="0" timestamp="2023-10-04T08:20:29 IST" skipped="0">
  <testcase classname="TestNG.DependencyExample" name="startCar" time="0.044"/>
  <testcase classname="TestNG.DependencyExample" name="stopCar" time="0.005"/>
  <testcase classname="TestNG.DependencyExample" name="driveCar" time="0.007"/>
  <testcase classname="TestNG.DependencyExample" name="parkCar" time="0.004"/>
</testsuite> <!-- TestNG.DependencyExample -->
