<?xml version="1.0" encoding="UTF-8"?>
<!-- Generated by org.testng.reporters.JUnitReportReporter -->
<testsuite hostname="DESKTOP-KIHURRJ" failures="0" tests="6" name="TestNG_Programs.Priority_Demo" time="0.023" errors="0" timestamp="28 Sep 2023 04:40:02 GMT" skipped="0">
  <testcase classname="TestNG_Programs.Priority_Demo" name="display" time="0.014"/>
  <testcase classname="TestNG_Programs.Priority_Demo" name="sample" time="0.002"/>
  <testcase classname="TestNG_Programs.Priority_Demo" name="print" time="0.001"/>
  <testcase classname="TestNG_Programs.Priority_Demo" name="test" time="0.002"/>
  <testcase classname="TestNG_Programs.Priority_Demo" name="animal" time="0.002"/>
  <testcase classname="TestNG_Programs.Priority_Demo" name="demo" time="0.002"/>
</testsuite> <!-- TestNG_Programs.Priority_Demo -->
