<?xml version="1.0" encoding="UTF-8"?>
<!-- Generated by org.testng.reporters.JUnitReportReporter -->
<testsuite hostname="DESKTOP-KIHURRJ" failures="0" tests="4" name="TestNG.SecondTestCase" time="0.022" errors="0" timestamp="2023-09-28T12:30:46 IST" skipped="0">
  <testcase classname="TestNG.SecondTestCase" name="setup" time="0.005"/>
  <testcase classname="TestNG.SecondTestCase" name="addCustomer" time="0.005"/>
  <testcase classname="TestNG.SecondTestCase" name="searchCustomer" time="0.008"/>
  <testcase classname="TestNG.SecondTestCase" name="teardown" time="0.004"/>
</testsuite> <!-- TestNG.SecondTestCase -->
