<?xml version="1.0" encoding="UTF-8"?>
<!-- Generated by org.testng.reporters.JUnitReportReporter -->
<testsuite hostname="DESKTOP-KIHURRJ" failures="0" tests="5" name="TestNG.GroupingExample" time="0.014" errors="0" timestamp="2023-10-05T17:35:14 IST" skipped="0">
  <testcase classname="TestNG.GroupingExample" name="test4" time="0.001"/>
  <testcase classname="TestNG.GroupingExample" name="test3" time="0.001"/>
  <testcase classname="TestNG.GroupingExample" name="test5" time="0.001"/>
  <testcase classname="TestNG.GroupingExample" name="test1" time="0.010"/>
  <testcase classname="TestNG.GroupingExample" name="test2" time="0.001"/>
</testsuite> <!-- TestNG.GroupingExample -->
