<?xml version="1.0" encoding="UTF-8"?>
<!-- Generated by org.testng.reporters.JUnitReportReporter -->
<testsuite hostname="DESKTOP-KIHURRJ" failures="0" tests="1" name="TestNG.ParallelTest3" time="9.722" errors="0" timestamp="2023-10-04T16:39:33 IST" skipped="0">
  <testcase classname="TestNG.ParallelTest3" name="verifyLogin" time="9.722"/>
</testsuite> <!-- TestNG.ParallelTest3 -->
