<?xml version="1.0" encoding="UTF-8"?>
<!-- Generated by org.testng.reporters.JUnitReportReporter -->
<testsuite hostname="DESKTOP-KIHURRJ" failures="0" tests="2" name="TestNG_Programs.Parameters_Demo" time="0.026" errors="0" timestamp="2023-10-05T16:51:35 IST" skipped="0">
  <testcase classname="TestNG_Programs.Parameters_Demo" name="sub" time="0.002"/>
  <testcase classname="TestNG_Programs.Parameters_Demo" name="add" time="0.024"/>
</testsuite> <!-- TestNG_Programs.Parameters_Demo -->
