<?xml version="1.0" encoding="UTF-8"?>
<!-- Generated by org.testng.reporters.JUnitReportReporter -->
<testsuite hostname="DESKTOP-KIHURRJ" failures="0" tests="1" name="TestNG_Programs.Parameters_Example" time="4.383" errors="0" timestamp="2023-10-05T16:54:51 IST" skipped="0">
  <testcase classname="TestNG_Programs.Parameters_Example" name="TestDemo" time="4.383"/>
</testsuite> <!-- TestNG_Programs.Parameters_Example -->
