<?xml version="1.0" encoding="UTF-8"?>
<!-- Generated by org.testng.reporters.JUnitReportReporter -->
<testsuite hostname="DESKTOP-KIHURRJ" failures="0" tests="2" name="TestNG_Programs.DependsOnMethod_Demo" time="58.774" errors="0" timestamp="2023-09-30T14:35:55 IST" skipped="0">
  <testcase classname="TestNG_Programs.DependsOnMethod_Demo" name="LoginPage" time="14.790"/>
  <testcase classname="TestNG_Programs.DependsOnMethod_Demo" name="alaunch" time="43.984"/>
</testsuite> <!-- TestNG_Programs.DependsOnMethod_Demo -->
