<?xml version="1.0" encoding="UTF-8"?>
<!-- Generated by org.testng.reporters.JUnitReportReporter -->
<testsuite hostname="DESKTOP-KIHURRJ" failures="0" tests="3" name="TestNG.FirstTestCase" time="0.029" errors="0" timestamp="2023-10-04T08:17:18 IST" skipped="0">
  <testcase classname="TestNG.FirstTestCase" name="setup" time="0.024"/>
  <testcase classname="TestNG.FirstTestCase" name="login" time="0.002"/>
  <testcase classname="TestNG.FirstTestCase" name="teardown" time="0.003"/>
</testsuite> <!-- TestNG.FirstTestCase -->
